TN:
SF:src\domain\models\account.ts
FN:1,(empty-report)
FNF:1
FNH:0
FNDA:0,(empty-report)
DA:1,0
DA:2,0
DA:3,0
DA:4,0
DA:5,0
DA:6,0
LF:6
LH:0
BRDA:1,0,0,0
BRF:1
BRH:0
end_of_record
TN:
SF:src\domain\usecases\add-account.ts
FN:1,(empty-report)
FNF:1
FNH:0
FNDA:0,(empty-report)
DA:1,0
DA:2,0
DA:3,0
DA:4,0
DA:5,0
DA:6,0
DA:7,0
DA:8,0
DA:9,0
DA:10,0
DA:11,0
LF:11
LH:0
BRDA:1,0,0,0
BRF:1
BRH:0
end_of_record
TN:
SF:src\presentation\controllers\signup\signup-protocols.ts
FN:1,(empty-report)
FNF:1
FNH:0
FNDA:0,(empty-report)
DA:1,0
DA:2,0
DA:3,0
DA:4,0
LF:4
LH:0
BRDA:1,0,0,0
BRF:1
BRH:0
end_of_record
TN:
SF:src\presentation\controllers\signup\signup.ts
FN:19,SignUpController
FN:24,handle
FNF:2
FNH:2
FNDA:11,SignUpController
FNDA:11,handle
DA:1,1
DA:2,1
DA:3,1
DA:4,1
DA:5,1
DA:6,1
DA:7,1
DA:8,1
DA:9,1
DA:10,1
DA:11,1
DA:12,1
DA:13,1
DA:14,1
DA:15,1
DA:16,1
DA:17,1
DA:18,1
DA:19,1
DA:20,11
DA:21,11
DA:22,11
DA:23,1
DA:24,1
DA:25,11
DA:26,11
DA:27,11
DA:28,11
DA:29,11
DA:30,11
DA:31,11
DA:32,11
DA:33,11
DA:34,38
DA:35,4
DA:36,4
DA:37,38
DA:38,7
DA:39,7
DA:40,7
DA:41,11
DA:42,1
DA:43,1
DA:44,6
DA:45,6
DA:46,11
DA:47,2
DA:48,2
DA:49,3
DA:50,3
DA:51,3
DA:52,3
DA:53,3
DA:54,3
DA:55,2
DA:56,2
DA:57,2
DA:58,2
DA:59,2
DA:60,2
DA:61,11
DA:62,1
LF:62
LH:62
BRDA:19,0,0,11
BRDA:24,1,0,11
BRDA:33,2,0,38
BRDA:34,3,0,4
BRDA:38,4,0,7
BRDA:41,5,0,1
BRDA:44,6,0,6
BRDA:46,7,0,2
BRDA:49,8,0,3
BRDA:55,9,0,2
BRF:10
BRH:10
end_of_record
TN:
SF:src\presentation\errors\index.ts
FNF:0
FNH:0
DA:1,1
DA:2,1
DA:3,1
DA:4,1
LF:4
LH:4
BRF:0
BRH:0
end_of_record
TN:
SF:src\presentation\errors\invalid-param-error.ts
FN:2,InvalidParamError
FNF:1
FNH:1
FNDA:3,InvalidParamError
DA:1,1
DA:2,1
DA:3,3
DA:4,3
DA:5,3
DA:6,1
LF:6
LH:6
BRDA:2,0,0,3
BRF:1
BRH:1
end_of_record
TN:
SF:src\presentation\errors\invalid-password-confirmation-error.ts
FN:2,InvalidPasswordConfirmationError
FNF:1
FNH:1
FNDA:2,InvalidPasswordConfirmationError
DA:1,1
DA:2,1
DA:3,2
DA:4,2
DA:5,1
LF:5
LH:5
BRDA:2,0,0,2
BRF:1
BRH:1
end_of_record
TN:
SF:src\presentation\errors\missing-param-error.ts
FN:2,MissingParamError
FNF:1
FNH:1
FNDA:8,MissingParamError
DA:1,1
DA:2,1
DA:3,8
DA:4,8
DA:5,8
DA:6,1
LF:6
LH:6
BRDA:2,0,0,8
BRF:1
BRH:1
end_of_record
TN:
SF:src\presentation\errors\server-error.ts
FN:2,ServerError
FNF:1
FNH:1
FNDA:4,ServerError
DA:1,1
DA:2,1
DA:3,4
DA:4,4
DA:5,1
LF:5
LH:5
BRDA:2,0,0,4
BRF:1
BRH:1
end_of_record
TN:
SF:src\presentation\helpers\http-helper.ts
FN:4,badRequest
FN:9,serverError
FN:14,ok
FNF:3
FNH:3
FNDA:7,badRequest
FNDA:2,serverError
FNDA:2,ok
DA:1,1
DA:2,1
DA:3,1
DA:4,1
DA:5,7
DA:6,7
DA:7,7
DA:8,1
DA:9,1
DA:10,2
DA:11,2
DA:12,2
DA:13,1
DA:14,1
DA:15,2
DA:16,2
DA:17,2
LF:17
LH:17
BRDA:4,0,0,7
BRDA:9,1,0,2
BRDA:14,2,0,2
BRF:3
BRH:3
end_of_record
TN:
SF:src\presentation\protocols\controller.ts
FN:1,(empty-report)
FNF:1
FNH:0
FNDA:0,(empty-report)
DA:1,0
DA:2,0
DA:3,0
DA:4,0
DA:5,0
LF:5
LH:0
BRDA:1,0,0,0
BRF:1
BRH:0
end_of_record
TN:
SF:src\presentation\protocols\email-validator.ts
FN:1,(empty-report)
FNF:1
FNH:0
FNDA:0,(empty-report)
DA:1,0
DA:2,0
DA:3,0
LF:3
LH:0
BRDA:1,0,0,0
BRF:1
BRH:0
end_of_record
TN:
SF:src\presentation\protocols\http.ts
FN:1,(empty-report)
FNF:1
FNH:0
FNDA:0,(empty-report)
DA:1,0
DA:2,0
DA:3,0
DA:4,0
DA:5,0
DA:6,0
DA:7,0
DA:8,0
LF:8
LH:0
BRDA:1,0,0,0
BRF:1
BRH:0
end_of_record
TN:
SF:src\presentation\protocols\index.ts
FN:1,(empty-report)
FNF:1
FNH:0
FNDA:0,(empty-report)
DA:1,0
DA:2,0
LF:2
LH:0
BRDA:1,0,0,0
BRF:1
BRH:0
end_of_record
